Loaded middleware: { authenticateUser: 'function', isManager: 'function' }
node : E:\biology\backend\Contr
oller\adminController.js:877
At line:1 char:1
+ node server.js > out.log 2>&1
+ ~~~~~~~~~~~~~~~~~~~~~~~~~~~~~
    + CategoryInfo          :  
   NotSpecified: (E:\biology\  
  back...ntroller.js:877:Str   
 ing) [], RemoteException
    + FullyQualifiedErrorId :  
   NativeCommandError
 
};
  

SyntaxError: Unexpected end of 
input
    at wrapSafe (node:internal/
modules/cjs/loader:1281:20)
    at Module._compile (node:in
ternal/modules/cjs/loader:1321:
27)
    at Module._extensions..js (
node:internal/modules/cjs/loade
r:1416:10)
    at Module.load (node:intern
al/modules/cjs/loader:1208:32)
    at Module._load (node:inter
nal/modules/cjs/loader:1024:12)
    at Module.require (node:int
ernal/modules/cjs/loader:1233:1
9)
    at require (node:internal/m
odules/helpers:179:18)
    at Object.<anonymous> (E:\b
iology\backend\routes\adminRout
es.js:14:5)
    at Module._compile (node:in
ternal/modules/cjs/loader:1358:
14)
    at Module._extensions..js (
node:internal/modules/cjs/loade
r:1416:10)

Node.js v20.16.0

